2016-05-12 16:07:28 INFO [localhost-startStop-1](ContextLoader.java:273) - Root WebApplicationContext: initialization started
2016-05-12 16:07:29 INFO [localhost-startStop-1](AbstractApplicationContext.java:510) - Refreshing Root WebApplicationContext: startup date [Thu May 12 16:07:29 CST 2016]; root of context hierarchy
2016-05-12 16:07:29 INFO [localhost-startStop-1](XmlBeanDefinitionReader.java:315) - Loading XML bean definitions from class path resource [spring-context.xml]
2016-05-12 16:07:29 INFO [localhost-startStop-1](ClassPathScanningCandidateComponentProvider.java:231) - JSR-250 'javax.annotation.ManagedBean' found and supported for component scanning
2016-05-12 16:07:29 INFO [localhost-startStop-1](ClassPathScanningCandidateComponentProvider.java:239) - JSR-330 'javax.inject.Named' annotation found and supported for component scanning
2016-05-12 16:07:29 INFO [localhost-startStop-1](PropertiesLoaderSupport.java:172) - Loading properties file from class path resource [database.properties]
2016-05-12 16:07:29 INFO [localhost-startStop-1](AutowiredAnnotationBeanPostProcessor.java:140) - JSR-330 'javax.inject.Inject' annotation found and supported for autowiring
2016-05-12 16:07:29 INFO [localhost-startStop-1](DefaultListableBeanFactory.java:598) - Pre-instantiating singletons in org.springframework.beans.factory.support.DefaultListableBeanFactory@90227ed: defining beans [coreController,org.springframework.context.annotation.internalConfigurationAnnotationProcessor,org.springframework.context.annotation.internalAutowiredAnnotationProcessor,org.springframework.context.annotation.internalRequiredAnnotationProcessor,org.springframework.context.annotation.internalCommonAnnotationProcessor,org.springframework.beans.factory.config.PropertyPlaceholderConfigurer#0,org.springframework.context.annotation.ConfigurationClassPostProcessor.importAwareProcessor]; root of factory hierarchy
2016-05-12 16:07:29 INFO [localhost-startStop-1](ContextLoader.java:313) - Root WebApplicationContext: initialization completed in 612 ms
2016-05-12 16:07:29 INFO [localhost-startStop-1](FrameworkServlet.java:454) - FrameworkServlet 'spring': initialization started
2016-05-12 16:07:29 INFO [localhost-startStop-1](AbstractApplicationContext.java:510) - Refreshing WebApplicationContext for namespace 'spring-servlet': startup date [Thu May 12 16:07:29 CST 2016]; parent: Root WebApplicationContext
2016-05-12 16:07:29 INFO [localhost-startStop-1](XmlBeanDefinitionReader.java:315) - Loading XML bean definitions from URL [file:/D:/__dev/workspace/weixin/target/classes/spring-web-servlet.xml]
2016-05-12 16:07:29 INFO [localhost-startStop-1](XmlBeanDefinitionReader.java:315) - Loading XML bean definitions from URL [file:/D:/__dev/workspace/weixin/target/classes/spring-snippet/spring-web-controller.xml]
2016-05-12 16:07:29 INFO [localhost-startStop-1](ClassPathScanningCandidateComponentProvider.java:231) - JSR-250 'javax.annotation.ManagedBean' found and supported for component scanning
2016-05-12 16:07:29 INFO [localhost-startStop-1](ClassPathScanningCandidateComponentProvider.java:239) - JSR-330 'javax.inject.Named' annotation found and supported for component scanning
2016-05-12 16:07:29 INFO [localhost-startStop-1](AutowiredAnnotationBeanPostProcessor.java:140) - JSR-330 'javax.inject.Inject' annotation found and supported for autowiring
2016-05-12 16:07:29 INFO [localhost-startStop-1](DefaultListableBeanFactory.java:598) - Pre-instantiating singletons in org.springframework.beans.factory.support.DefaultListableBeanFactory@1371a7c3: defining beans [coreController,org.springframework.context.annotation.internalConfigurationAnnotationProcessor,org.springframework.context.annotation.internalAutowiredAnnotationProcessor,org.springframework.context.annotation.internalRequiredAnnotationProcessor,org.springframework.context.annotation.internalCommonAnnotationProcessor,beanNameUrlHandlerMapping,simpleUrlHandlerMapping,requestMappingHandlerMapping,requestMappingHandlerAdapter,viewNameTranslator,urlFilenameViewController,parameterMethodNameResolver,internalPathMethodNameResolver,internalResourceViewResolver,multipartResolver,messageSource,org.springframework.web.servlet.resource.ResourceHttpRequestHandler#0,org.springframework.web.servlet.handler.SimpleUrlHandlerMapping#0,org.springframework.web.servlet.handler.BeanNameUrlHandlerMapping,org.springframework.web.servlet.mvc.HttpRequestHandlerAdapter,org.springframework.web.servlet.mvc.SimpleControllerHandlerAdapter,org.springframework.web.servlet.resource.ResourceHttpRequestHandler#1,org.springframework.web.servlet.handler.SimpleUrlHandlerMapping#1,org.springframework.web.servlet.resource.ResourceHttpRequestHandler#2,org.springframework.web.servlet.handler.SimpleUrlHandlerMapping#2,org.springframework.context.annotation.ConfigurationClassPostProcessor.importAwareProcessor]; parent: org.springframework.beans.factory.support.DefaultListableBeanFactory@90227ed
2016-05-12 16:07:30 INFO [localhost-startStop-1](AbstractUrlHandlerMapping.java:315) - Mapped URL path [/public/*] onto handler 'urlFilenameViewController'
2016-05-12 16:07:30 WARN [localhost-startStop-1](SimpleUrlHandlerMapping.java:115) - Neither 'urlMap' nor 'mappings' set on SimpleUrlHandlerMapping
2016-05-12 16:07:30 INFO [localhost-startStop-1](AbstractHandlerMethodMapping.java:179) - Mapped "{[/core],methods=[POST],params=[],headers=[],consumes=[],produces=[],custom=[]}" onto private void com.revencoft.controller.CoreController.doPost(javax.servlet.http.HttpServletRequest,javax.servlet.http.HttpServletResponse) throws java.io.IOException
2016-05-12 16:07:30 INFO [localhost-startStop-1](AbstractHandlerMethodMapping.java:179) - Mapped "{[/core],methods=[GET],params=[],headers=[],consumes=[],produces=[],custom=[]}" onto public void com.revencoft.controller.CoreController.doGet(javax.servlet.http.HttpServletRequest,javax.servlet.http.HttpServletResponse) throws java.io.IOException
2016-05-12 16:07:31 INFO [localhost-startStop-1](AbstractUrlHandlerMapping.java:315) - Mapped URL path [/resource/css/**] onto handler 'org.springframework.web.servlet.resource.ResourceHttpRequestHandler#0'
2016-05-12 16:07:31 INFO [localhost-startStop-1](AbstractUrlHandlerMapping.java:315) - Mapped URL path [/public/*] onto handler 'urlFilenameViewController'
2016-05-12 16:07:31 INFO [localhost-startStop-1](AbstractUrlHandlerMapping.java:315) - Mapped URL path [/resource/images/**] onto handler 'org.springframework.web.servlet.resource.ResourceHttpRequestHandler#1'
2016-05-12 16:07:31 INFO [localhost-startStop-1](AbstractUrlHandlerMapping.java:315) - Mapped URL path [/resource/js/**] onto handler 'org.springframework.web.servlet.resource.ResourceHttpRequestHandler#2'
2016-05-12 16:07:31 INFO [localhost-startStop-1](FrameworkServlet.java:473) - FrameworkServlet 'spring': initialization completed in 2233 ms
2016-05-12 16:10:43 INFO [localhost-startStop-1](ContextLoader.java:273) - Root WebApplicationContext: initialization started
2016-05-12 16:10:43 INFO [localhost-startStop-1](AbstractApplicationContext.java:510) - Refreshing Root WebApplicationContext: startup date [Thu May 12 16:10:43 CST 2016]; root of context hierarchy
2016-05-12 16:10:43 INFO [localhost-startStop-1](XmlBeanDefinitionReader.java:315) - Loading XML bean definitions from class path resource [spring-context.xml]
2016-05-12 16:10:43 INFO [localhost-startStop-1](ClassPathScanningCandidateComponentProvider.java:231) - JSR-250 'javax.annotation.ManagedBean' found and supported for component scanning
2016-05-12 16:10:43 INFO [localhost-startStop-1](ClassPathScanningCandidateComponentProvider.java:239) - JSR-330 'javax.inject.Named' annotation found and supported for component scanning
2016-05-12 16:10:43 INFO [localhost-startStop-1](PropertiesLoaderSupport.java:172) - Loading properties file from class path resource [database.properties]
2016-05-12 16:10:43 INFO [localhost-startStop-1](AutowiredAnnotationBeanPostProcessor.java:140) - JSR-330 'javax.inject.Inject' annotation found and supported for autowiring
2016-05-12 16:10:43 INFO [localhost-startStop-1](DefaultListableBeanFactory.java:598) - Pre-instantiating singletons in org.springframework.beans.factory.support.DefaultListableBeanFactory@1e77f078: defining beans [coreController,org.springframework.context.annotation.internalConfigurationAnnotationProcessor,org.springframework.context.annotation.internalAutowiredAnnotationProcessor,org.springframework.context.annotation.internalRequiredAnnotationProcessor,org.springframework.context.annotation.internalCommonAnnotationProcessor,org.springframework.beans.factory.config.PropertyPlaceholderConfigurer#0,org.springframework.context.annotation.ConfigurationClassPostProcessor.importAwareProcessor]; root of factory hierarchy
2016-05-12 16:10:43 INFO [localhost-startStop-1](ContextLoader.java:313) - Root WebApplicationContext: initialization completed in 469 ms
2016-05-12 16:10:43 INFO [localhost-startStop-1](FrameworkServlet.java:454) - FrameworkServlet 'spring': initialization started
2016-05-12 16:10:43 INFO [localhost-startStop-1](AbstractApplicationContext.java:510) - Refreshing WebApplicationContext for namespace 'spring-servlet': startup date [Thu May 12 16:10:43 CST 2016]; parent: Root WebApplicationContext
2016-05-12 16:10:43 INFO [localhost-startStop-1](XmlBeanDefinitionReader.java:315) - Loading XML bean definitions from URL [file:/D:/__dev/workspace/weixin/target/classes/spring-web-servlet.xml]
2016-05-12 16:10:43 INFO [localhost-startStop-1](XmlBeanDefinitionReader.java:315) - Loading XML bean definitions from URL [file:/D:/__dev/workspace/weixin/target/classes/spring-snippet/spring-web-controller.xml]
2016-05-12 16:10:44 INFO [localhost-startStop-1](ClassPathScanningCandidateComponentProvider.java:231) - JSR-250 'javax.annotation.ManagedBean' found and supported for component scanning
2016-05-12 16:10:44 INFO [localhost-startStop-1](ClassPathScanningCandidateComponentProvider.java:239) - JSR-330 'javax.inject.Named' annotation found and supported for component scanning
2016-05-12 16:10:44 INFO [localhost-startStop-1](AutowiredAnnotationBeanPostProcessor.java:140) - JSR-330 'javax.inject.Inject' annotation found and supported for autowiring
2016-05-12 16:10:44 INFO [localhost-startStop-1](DefaultListableBeanFactory.java:598) - Pre-instantiating singletons in org.springframework.beans.factory.support.DefaultListableBeanFactory@66867263: defining beans [coreController,org.springframework.context.annotation.internalConfigurationAnnotationProcessor,org.springframework.context.annotation.internalAutowiredAnnotationProcessor,org.springframework.context.annotation.internalRequiredAnnotationProcessor,org.springframework.context.annotation.internalCommonAnnotationProcessor,beanNameUrlHandlerMapping,simpleUrlHandlerMapping,requestMappingHandlerMapping,requestMappingHandlerAdapter,viewNameTranslator,urlFilenameViewController,parameterMethodNameResolver,internalPathMethodNameResolver,internalResourceViewResolver,multipartResolver,messageSource,org.springframework.web.servlet.resource.ResourceHttpRequestHandler#0,org.springframework.web.servlet.handler.SimpleUrlHandlerMapping#0,org.springframework.web.servlet.handler.BeanNameUrlHandlerMapping,org.springframework.web.servlet.mvc.HttpRequestHandlerAdapter,org.springframework.web.servlet.mvc.SimpleControllerHandlerAdapter,org.springframework.web.servlet.resource.ResourceHttpRequestHandler#1,org.springframework.web.servlet.handler.SimpleUrlHandlerMapping#1,org.springframework.web.servlet.resource.ResourceHttpRequestHandler#2,org.springframework.web.servlet.handler.SimpleUrlHandlerMapping#2,org.springframework.context.annotation.ConfigurationClassPostProcessor.importAwareProcessor]; parent: org.springframework.beans.factory.support.DefaultListableBeanFactory@1e77f078
2016-05-12 16:10:44 INFO [localhost-startStop-1](AbstractUrlHandlerMapping.java:315) - Mapped URL path [/public/*] onto handler 'urlFilenameViewController'
2016-05-12 16:10:44 WARN [localhost-startStop-1](SimpleUrlHandlerMapping.java:115) - Neither 'urlMap' nor 'mappings' set on SimpleUrlHandlerMapping
2016-05-12 16:10:44 INFO [localhost-startStop-1](AbstractHandlerMethodMapping.java:179) - Mapped "{[/core],methods=[POST],params=[],headers=[],consumes=[],produces=[],custom=[]}" onto private void com.revencoft.controller.CoreController.doPost(javax.servlet.http.HttpServletRequest,javax.servlet.http.HttpServletResponse) throws java.io.IOException
2016-05-12 16:10:44 INFO [localhost-startStop-1](AbstractHandlerMethodMapping.java:179) - Mapped "{[/core],methods=[GET],params=[],headers=[],consumes=[],produces=[],custom=[]}" onto public void com.revencoft.controller.CoreController.doGet(javax.servlet.http.HttpServletRequest,javax.servlet.http.HttpServletResponse) throws java.io.IOException
2016-05-12 16:10:44 INFO [localhost-startStop-1](AbstractUrlHandlerMapping.java:315) - Mapped URL path [/resource/css/**] onto handler 'org.springframework.web.servlet.resource.ResourceHttpRequestHandler#0'
2016-05-12 16:10:44 INFO [localhost-startStop-1](AbstractUrlHandlerMapping.java:315) - Mapped URL path [/public/*] onto handler 'urlFilenameViewController'
2016-05-12 16:10:44 INFO [localhost-startStop-1](AbstractUrlHandlerMapping.java:315) - Mapped URL path [/resource/images/**] onto handler 'org.springframework.web.servlet.resource.ResourceHttpRequestHandler#1'
2016-05-12 16:10:44 INFO [localhost-startStop-1](AbstractUrlHandlerMapping.java:315) - Mapped URL path [/resource/js/**] onto handler 'org.springframework.web.servlet.resource.ResourceHttpRequestHandler#2'
2016-05-12 16:10:44 INFO [localhost-startStop-1](FrameworkServlet.java:473) - FrameworkServlet 'spring': initialization completed in 750 ms
2016-05-12 16:12:36 INFO [localhost-startStop-2](AbstractApplicationContext.java:1042) - Closing WebApplicationContext for namespace 'spring-servlet': startup date [Thu May 12 16:10:43 CST 2016]; parent: Root WebApplicationContext
2016-05-12 16:12:36 INFO [localhost-startStop-2](DefaultSingletonBeanRegistry.java:444) - Destroying singletons in org.springframework.beans.factory.support.DefaultListableBeanFactory@66867263: defining beans [coreController,org.springframework.context.annotation.internalConfigurationAnnotationProcessor,org.springframework.context.annotation.internalAutowiredAnnotationProcessor,org.springframework.context.annotation.internalRequiredAnnotationProcessor,org.springframework.context.annotation.internalCommonAnnotationProcessor,beanNameUrlHandlerMapping,simpleUrlHandlerMapping,requestMappingHandlerMapping,requestMappingHandlerAdapter,viewNameTranslator,urlFilenameViewController,parameterMethodNameResolver,internalPathMethodNameResolver,internalResourceViewResolver,multipartResolver,messageSource,org.springframework.web.servlet.resource.ResourceHttpRequestHandler#0,org.springframework.web.servlet.handler.SimpleUrlHandlerMapping#0,org.springframework.web.servlet.handler.BeanNameUrlHandlerMapping,org.springframework.web.servlet.mvc.HttpRequestHandlerAdapter,org.springframework.web.servlet.mvc.SimpleControllerHandlerAdapter,org.springframework.web.servlet.resource.ResourceHttpRequestHandler#1,org.springframework.web.servlet.handler.SimpleUrlHandlerMapping#1,org.springframework.web.servlet.resource.ResourceHttpRequestHandler#2,org.springframework.web.servlet.handler.SimpleUrlHandlerMapping#2,org.springframework.context.annotation.ConfigurationClassPostProcessor.importAwareProcessor]; parent: org.springframework.beans.factory.support.DefaultListableBeanFactory@1e77f078
2016-05-12 16:12:36 INFO [localhost-startStop-2](AbstractApplicationContext.java:1042) - Closing Root WebApplicationContext: startup date [Thu May 12 16:10:43 CST 2016]; root of context hierarchy
2016-05-12 16:12:36 INFO [localhost-startStop-2](DefaultSingletonBeanRegistry.java:444) - Destroying singletons in org.springframework.beans.factory.support.DefaultListableBeanFactory@1e77f078: defining beans [coreController,org.springframework.context.annotation.internalConfigurationAnnotationProcessor,org.springframework.context.annotation.internalAutowiredAnnotationProcessor,org.springframework.context.annotation.internalRequiredAnnotationProcessor,org.springframework.context.annotation.internalCommonAnnotationProcessor,org.springframework.beans.factory.config.PropertyPlaceholderConfigurer#0,org.springframework.context.annotation.ConfigurationClassPostProcessor.importAwareProcessor]; root of factory hierarchy
2016-05-12 16:13:11 INFO [localhost-startStop-1](ContextLoader.java:273) - Root WebApplicationContext: initialization started
2016-05-12 16:13:11 INFO [localhost-startStop-1](AbstractApplicationContext.java:510) - Refreshing Root WebApplicationContext: startup date [Thu May 12 16:13:11 CST 2016]; root of context hierarchy
2016-05-12 16:13:11 INFO [localhost-startStop-1](XmlBeanDefinitionReader.java:315) - Loading XML bean definitions from class path resource [spring-context.xml]
2016-05-12 16:13:11 INFO [localhost-startStop-1](ClassPathScanningCandidateComponentProvider.java:231) - JSR-250 'javax.annotation.ManagedBean' found and supported for component scanning
2016-05-12 16:13:11 INFO [localhost-startStop-1](ClassPathScanningCandidateComponentProvider.java:239) - JSR-330 'javax.inject.Named' annotation found and supported for component scanning
2016-05-12 16:13:11 INFO [localhost-startStop-1](PropertiesLoaderSupport.java:172) - Loading properties file from class path resource [database.properties]
2016-05-12 16:13:11 INFO [localhost-startStop-1](AutowiredAnnotationBeanPostProcessor.java:140) - JSR-330 'javax.inject.Inject' annotation found and supported for autowiring
2016-05-12 16:13:11 INFO [localhost-startStop-1](DefaultListableBeanFactory.java:598) - Pre-instantiating singletons in org.springframework.beans.factory.support.DefaultListableBeanFactory@1294c234: defining beans [coreController,org.springframework.context.annotation.internalConfigurationAnnotationProcessor,org.springframework.context.annotation.internalAutowiredAnnotationProcessor,org.springframework.context.annotation.internalRequiredAnnotationProcessor,org.springframework.context.annotation.internalCommonAnnotationProcessor,org.springframework.beans.factory.config.PropertyPlaceholderConfigurer#0,org.springframework.context.annotation.ConfigurationClassPostProcessor.importAwareProcessor]; root of factory hierarchy
2016-05-12 16:13:11 INFO [localhost-startStop-1](ContextLoader.java:313) - Root WebApplicationContext: initialization completed in 611 ms
2016-05-12 16:13:11 INFO [localhost-startStop-1](FrameworkServlet.java:454) - FrameworkServlet 'spring': initialization started
2016-05-12 16:13:11 INFO [localhost-startStop-1](AbstractApplicationContext.java:510) - Refreshing WebApplicationContext for namespace 'spring-servlet': startup date [Thu May 12 16:13:11 CST 2016]; parent: Root WebApplicationContext
2016-05-12 16:13:11 INFO [localhost-startStop-1](XmlBeanDefinitionReader.java:315) - Loading XML bean definitions from URL [file:/D:/__dev/workspace/weixin/target/classes/spring-web-servlet.xml]
2016-05-12 16:13:11 INFO [localhost-startStop-1](XmlBeanDefinitionReader.java:315) - Loading XML bean definitions from URL [file:/D:/__dev/workspace/weixin/target/classes/spring-snippet/spring-web-controller.xml]
2016-05-12 16:13:11 INFO [localhost-startStop-1](ClassPathScanningCandidateComponentProvider.java:231) - JSR-250 'javax.annotation.ManagedBean' found and supported for component scanning
2016-05-12 16:13:11 INFO [localhost-startStop-1](ClassPathScanningCandidateComponentProvider.java:239) - JSR-330 'javax.inject.Named' annotation found and supported for component scanning
2016-05-12 16:13:11 INFO [localhost-startStop-1](AutowiredAnnotationBeanPostProcessor.java:140) - JSR-330 'javax.inject.Inject' annotation found and supported for autowiring
2016-05-12 16:13:12 INFO [localhost-startStop-1](DefaultListableBeanFactory.java:598) - Pre-instantiating singletons in org.springframework.beans.factory.support.DefaultListableBeanFactory@597b56f0: defining beans [coreController,org.springframework.context.annotation.internalConfigurationAnnotationProcessor,org.springframework.context.annotation.internalAutowiredAnnotationProcessor,org.springframework.context.annotation.internalRequiredAnnotationProcessor,org.springframework.context.annotation.internalCommonAnnotationProcessor,beanNameUrlHandlerMapping,simpleUrlHandlerMapping,requestMappingHandlerMapping,requestMappingHandlerAdapter,viewNameTranslator,urlFilenameViewController,parameterMethodNameResolver,internalPathMethodNameResolver,internalResourceViewResolver,multipartResolver,messageSource,org.springframework.web.servlet.resource.ResourceHttpRequestHandler#0,org.springframework.web.servlet.handler.SimpleUrlHandlerMapping#0,org.springframework.web.servlet.handler.BeanNameUrlHandlerMapping,org.springframework.web.servlet.mvc.HttpRequestHandlerAdapter,org.springframework.web.servlet.mvc.SimpleControllerHandlerAdapter,org.springframework.web.servlet.resource.ResourceHttpRequestHandler#1,org.springframework.web.servlet.handler.SimpleUrlHandlerMapping#1,org.springframework.web.servlet.resource.ResourceHttpRequestHandler#2,org.springframework.web.servlet.handler.SimpleUrlHandlerMapping#2,org.springframework.context.annotation.ConfigurationClassPostProcessor.importAwareProcessor]; parent: org.springframework.beans.factory.support.DefaultListableBeanFactory@1294c234
2016-05-12 16:13:12 INFO [localhost-startStop-1](AbstractUrlHandlerMapping.java:315) - Mapped URL path [/public/*] onto handler 'urlFilenameViewController'
2016-05-12 16:13:12 WARN [localhost-startStop-1](SimpleUrlHandlerMapping.java:115) - Neither 'urlMap' nor 'mappings' set on SimpleUrlHandlerMapping
2016-05-12 16:13:12 INFO [localhost-startStop-1](AbstractHandlerMethodMapping.java:179) - Mapped "{[/core],methods=[GET],params=[],headers=[],consumes=[],produces=[],custom=[]}" onto public void com.revencoft.controller.CoreController.doGet(javax.servlet.http.HttpServletRequest,javax.servlet.http.HttpServletResponse) throws java.io.IOException
2016-05-12 16:13:12 INFO [localhost-startStop-1](AbstractHandlerMethodMapping.java:179) - Mapped "{[/core],methods=[POST],params=[],headers=[],consumes=[],produces=[],custom=[]}" onto private void com.revencoft.controller.CoreController.doPost(javax.servlet.http.HttpServletRequest,javax.servlet.http.HttpServletResponse) throws java.io.IOException
2016-05-12 16:13:12 INFO [localhost-startStop-1](AbstractUrlHandlerMapping.java:315) - Mapped URL path [/resource/css/**] onto handler 'org.springframework.web.servlet.resource.ResourceHttpRequestHandler#0'
2016-05-12 16:13:12 INFO [localhost-startStop-1](AbstractUrlHandlerMapping.java:315) - Mapped URL path [/public/*] onto handler 'urlFilenameViewController'
2016-05-12 16:13:12 INFO [localhost-startStop-1](AbstractUrlHandlerMapping.java:315) - Mapped URL path [/resource/images/**] onto handler 'org.springframework.web.servlet.resource.ResourceHttpRequestHandler#1'
2016-05-12 16:13:12 INFO [localhost-startStop-1](AbstractUrlHandlerMapping.java:315) - Mapped URL path [/resource/js/**] onto handler 'org.springframework.web.servlet.resource.ResourceHttpRequestHandler#2'
2016-05-12 16:13:12 INFO [localhost-startStop-1](FrameworkServlet.java:473) - FrameworkServlet 'spring': initialization completed in 764 ms
2016-05-12 16:47:27 INFO [localhost-startStop-1](ContextLoader.java:273) - Root WebApplicationContext: initialization started
2016-05-12 16:47:27 INFO [localhost-startStop-1](AbstractApplicationContext.java:510) - Refreshing Root WebApplicationContext: startup date [Thu May 12 16:47:27 CST 2016]; root of context hierarchy
2016-05-12 16:47:27 INFO [localhost-startStop-1](XmlBeanDefinitionReader.java:315) - Loading XML bean definitions from class path resource [spring-context.xml]
2016-05-12 16:47:27 INFO [localhost-startStop-1](ClassPathScanningCandidateComponentProvider.java:231) - JSR-250 'javax.annotation.ManagedBean' found and supported for component scanning
2016-05-12 16:47:27 INFO [localhost-startStop-1](ClassPathScanningCandidateComponentProvider.java:239) - JSR-330 'javax.inject.Named' annotation found and supported for component scanning
2016-05-12 16:47:27 INFO [localhost-startStop-1](PropertiesLoaderSupport.java:172) - Loading properties file from class path resource [database.properties]
2016-05-12 16:47:27 INFO [localhost-startStop-1](AutowiredAnnotationBeanPostProcessor.java:140) - JSR-330 'javax.inject.Inject' annotation found and supported for autowiring
2016-05-12 16:47:27 INFO [localhost-startStop-1](DefaultListableBeanFactory.java:598) - Pre-instantiating singletons in org.springframework.beans.factory.support.DefaultListableBeanFactory@90227ed: defining beans [coreController,org.springframework.context.annotation.internalConfigurationAnnotationProcessor,org.springframework.context.annotation.internalAutowiredAnnotationProcessor,org.springframework.context.annotation.internalRequiredAnnotationProcessor,org.springframework.context.annotation.internalCommonAnnotationProcessor,org.springframework.beans.factory.config.PropertyPlaceholderConfigurer#0,org.springframework.context.annotation.ConfigurationClassPostProcessor.importAwareProcessor]; root of factory hierarchy
2016-05-12 16:47:27 INFO [localhost-startStop-1](ContextLoader.java:313) - Root WebApplicationContext: initialization completed in 501 ms
2016-05-12 16:47:28 INFO [localhost-startStop-1](FrameworkServlet.java:454) - FrameworkServlet 'spring': initialization started
2016-05-12 16:47:28 INFO [localhost-startStop-1](AbstractApplicationContext.java:510) - Refreshing WebApplicationContext for namespace 'spring-servlet': startup date [Thu May 12 16:47:28 CST 2016]; parent: Root WebApplicationContext
2016-05-12 16:47:28 INFO [localhost-startStop-1](XmlBeanDefinitionReader.java:315) - Loading XML bean definitions from URL [file:/D:/__dev/workspace/weixin/target/classes/spring-web-servlet.xml]
2016-05-12 16:47:28 INFO [localhost-startStop-1](XmlBeanDefinitionReader.java:315) - Loading XML bean definitions from URL [file:/D:/__dev/workspace/weixin/target/classes/spring-snippet/spring-web-controller.xml]
2016-05-12 16:47:28 INFO [localhost-startStop-1](ClassPathScanningCandidateComponentProvider.java:231) - JSR-250 'javax.annotation.ManagedBean' found and supported for component scanning
2016-05-12 16:47:28 INFO [localhost-startStop-1](ClassPathScanningCandidateComponentProvider.java:239) - JSR-330 'javax.inject.Named' annotation found and supported for component scanning
2016-05-12 16:47:28 INFO [localhost-startStop-1](AutowiredAnnotationBeanPostProcessor.java:140) - JSR-330 'javax.inject.Inject' annotation found and supported for autowiring
2016-05-12 16:47:28 INFO [localhost-startStop-1](DefaultListableBeanFactory.java:598) - Pre-instantiating singletons in org.springframework.beans.factory.support.DefaultListableBeanFactory@3b5fe019: defining beans [coreController,org.springframework.context.annotation.internalConfigurationAnnotationProcessor,org.springframework.context.annotation.internalAutowiredAnnotationProcessor,org.springframework.context.annotation.internalRequiredAnnotationProcessor,org.springframework.context.annotation.internalCommonAnnotationProcessor,beanNameUrlHandlerMapping,simpleUrlHandlerMapping,requestMappingHandlerMapping,requestMappingHandlerAdapter,viewNameTranslator,urlFilenameViewController,parameterMethodNameResolver,internalPathMethodNameResolver,internalResourceViewResolver,multipartResolver,messageSource,org.springframework.web.servlet.resource.ResourceHttpRequestHandler#0,org.springframework.web.servlet.handler.SimpleUrlHandlerMapping#0,org.springframework.web.servlet.handler.BeanNameUrlHandlerMapping,org.springframework.web.servlet.mvc.HttpRequestHandlerAdapter,org.springframework.web.servlet.mvc.SimpleControllerHandlerAdapter,org.springframework.web.servlet.resource.ResourceHttpRequestHandler#1,org.springframework.web.servlet.handler.SimpleUrlHandlerMapping#1,org.springframework.web.servlet.resource.ResourceHttpRequestHandler#2,org.springframework.web.servlet.handler.SimpleUrlHandlerMapping#2,org.springframework.context.annotation.ConfigurationClassPostProcessor.importAwareProcessor]; parent: org.springframework.beans.factory.support.DefaultListableBeanFactory@90227ed
2016-05-12 16:47:28 INFO [localhost-startStop-1](AbstractUrlHandlerMapping.java:315) - Mapped URL path [/public/*] onto handler 'urlFilenameViewController'
2016-05-12 16:47:28 WARN [localhost-startStop-1](SimpleUrlHandlerMapping.java:115) - Neither 'urlMap' nor 'mappings' set on SimpleUrlHandlerMapping
2016-05-12 16:47:28 INFO [localhost-startStop-1](AbstractHandlerMethodMapping.java:179) - Mapped "{[/core],methods=[POST],params=[],headers=[],consumes=[],produces=[],custom=[]}" onto private void com.revencoft.controller.CoreController.doPost(javax.servlet.http.HttpServletRequest,javax.servlet.http.HttpServletResponse) throws java.io.IOException
2016-05-12 16:47:28 INFO [localhost-startStop-1](AbstractHandlerMethodMapping.java:179) - Mapped "{[/core],methods=[GET],params=[],headers=[],consumes=[],produces=[],custom=[]}" onto public void com.revencoft.controller.CoreController.doGet(javax.servlet.http.HttpServletRequest,javax.servlet.http.HttpServletResponse) throws java.io.IOException
2016-05-12 16:47:28 INFO [localhost-startStop-1](AbstractUrlHandlerMapping.java:315) - Mapped URL path [/resource/css/**] onto handler 'org.springframework.web.servlet.resource.ResourceHttpRequestHandler#0'
2016-05-12 16:47:28 INFO [localhost-startStop-1](AbstractUrlHandlerMapping.java:315) - Mapped URL path [/public/*] onto handler 'urlFilenameViewController'
2016-05-12 16:47:28 INFO [localhost-startStop-1](AbstractUrlHandlerMapping.java:315) - Mapped URL path [/resource/images/**] onto handler 'org.springframework.web.servlet.resource.ResourceHttpRequestHandler#1'
2016-05-12 16:47:28 INFO [localhost-startStop-1](AbstractUrlHandlerMapping.java:315) - Mapped URL path [/resource/js/**] onto handler 'org.springframework.web.servlet.resource.ResourceHttpRequestHandler#2'
2016-05-12 16:47:28 INFO [localhost-startStop-1](FrameworkServlet.java:473) - FrameworkServlet 'spring': initialization completed in 773 ms
